Array
(
    [token] => 3c733h3m5o631q1g
    [tag] => ACU/PROJ/01
)
Array
(
    [token] => 3c733h3m5o631q1g
    [tag] => ACU/PROJ/01
)
Array
(
    [token] => 3c733h3m5o631q1g
    [tag] => ACU/PROJ/02
)
Array
(
    [token] => n6vxr3k6nl34
    [tag] => ACU/PROJ/01
)
Array
(
    [token] => i06o45v2v2wq
    [tag] => ACU/PROJ/01
)
Array
(
    [token] => i06o45v2v2wq
    [tag] => ACU/PROJ/01
)
Array
(
    [token] => i06o45v2v2wq
    [tag] => ACU/PROJ/02
)
Array
(
    [token] => c2b6q166g3u6p6t
    [tag] => ACU/REM/01
)
